<?xml version="1.0" encoding="UTF-8"?>
<!-- Generated by org.testng.reporters.JUnitXMLReporter -->
<testsuite hostname="LAPTOP-6C1CFLE6" ignored="1" name="SmokeTest" tests="2" failures="0" timestamp="2021-03-09T19:14:04 EST" time="10.673" errors="0">
  <testcase name="getByname" time="6.247" classname="com.restcountry.test.RestCountry"/>
  <testcase name="getByCode" time="4.107" classname="com.restcountry.test.RestCountry"/>
  <testcase name="getByCodeNegative" time="0.0" classname="com.restcountry.test.RestCountry">
    <ignored/>
  </testcase> <!-- getByCodeNegative -->
</testsuite> <!-- SmokeTest -->
