<?xml version="1.0" encoding="UTF-8"?>
<testng-results skipped="0" failed="0" ignored="0" total="0" passed="0">
  <reporter-output>
  </reporter-output>
  <suite name="Surefire suite" duration-ms="71" started-at="2021-03-09T19:22:19 EST" finished-at="2021-03-09T19:22:20 EST">
    <groups>
    </groups>
    <test name="Surefire test" duration-ms="71" started-at="2021-03-09T19:22:19 EST" finished-at="2021-03-09T19:22:20 EST">
      <class name="com.restcountry.base.TestBase">
        <test-method status="PASS" signature="setLogger()[pri:0, instance:com.restcountry.base.TestBase@7085bdee]" name="setLogger" is-config="true" duration-ms="61" started-at="2021-03-09T19:22:19 EST" finished-at="2021-03-09T19:22:20 EST">
          <reporter-output>
          </reporter-output>
        </test-method> <!-- setLogger -->
      </class> <!-- com.restcountry.base.TestBase -->
    </test> <!-- Surefire test -->
  </suite> <!-- Surefire suite -->
</testng-results>
