<?xml version="1.0" encoding="UTF-8"?>
<!-- Generated by org.testng.reporters.JUnitXMLReporter -->
<testsuite hostname="LAPTOP-6C1CFLE6" ignored="1" name="SmokeTest" tests="2" failures="1" timestamp="2021-03-09T19:09:01 EST" time="10.681" errors="0">
  <testcase name="getByname" time="5.448" classname="com.restcountry.test.RestCountry">
    <failure type="java.lang.AssertionError" message="expected [true] but found [false]">
      <![CDATA[java.lang.AssertionError: expected [true] but found [false]
at com.restcountry.test.RestCountry.getByname(RestCountry.java:35)
at java.util.ArrayList.forEach(ArrayList.java:1259)
... Removed 32 stack frames]]>
    </failure>
  </testcase> <!-- getByname -->
  <testcase name="getByCode" time="4.909" classname="com.restcountry.test.RestCountry"/>
  <testcase name="getByCodeNegative" time="0.0" classname="com.restcountry.test.RestCountry">
    <ignored/>
  </testcase> <!-- getByCodeNegative -->
</testsuite> <!-- SmokeTest -->
