<?xml version="1.0" encoding="UTF-8"?>
<!-- Generated by org.testng.reporters.JUnitXMLReporter -->
<testsuite hostname="LAPTOP-6C1CFLE6" ignored="0" name="Test" tests="3" failures="3" timestamp="2021-03-09T14:46:13 EST" time="0.373" errors="0">
  <testcase name="getByname" time="0.013" classname="com.restcountry.test.RestCountry">
    <failure type="java.lang.NullPointerException">
      <![CDATA[java.lang.NullPointerException
at com.restcountry.test.RestCountry.getByname(RestCountry.java:25)
at java.util.ArrayList.forEach(ArrayList.java:1259)
... Removed 27 stack frames]]>
    </failure>
  </testcase> <!-- getByname -->
  <testcase name="getByCode" time="0.002" classname="com.restcountry.test.RestCountry">
    <failure type="java.lang.NullPointerException">
      <![CDATA[java.lang.NullPointerException
at com.restcountry.test.RestCountry.getByCode(RestCountry.java:44)
at java.util.ArrayList.forEach(ArrayList.java:1259)
... Removed 27 stack frames]]>
    </failure>
  </testcase> <!-- getByCode -->
  <testcase name="getByCodeNegative" time="0.001" classname="com.restcountry.test.RestCountry">
    <failure type="java.lang.NullPointerException">
      <![CDATA[java.lang.NullPointerException
at com.restcountry.test.RestCountry.getByCodeNegative(RestCountry.java:61)
at java.util.ArrayList.forEach(ArrayList.java:1259)
... Removed 27 stack frames]]>
    </failure>
  </testcase> <!-- getByCodeNegative -->
</testsuite> <!-- Test -->
