<?xml version="1.0" encoding="UTF-8"?>
<!-- Generated by org.testng.reporters.JUnitXMLReporter -->
<testsuite hostname="LAPTOP-6C1CFLE6" ignored="2" name="RegressionTest" tests="1" failures="1" timestamp="2021-03-09T19:09:09 EST" time="7.666" errors="0">
  <testcase name="getByCodeNegative" time="7.658" classname="com.restcountry.test.RestCountry">
    <failure type="java.lang.AssertionError" message="
Expected: is &amp;lt;200&amp;gt;
     but: was &amp;lt;405&amp;gt;">
      <![CDATA[java.lang.AssertionError: 
Expected: is <200>
     but: was <405>
at org.hamcrest.MatcherAssert.assertThat(MatcherAssert.java:20)
at org.hamcrest.MatcherAssert.assertThat(MatcherAssert.java:8)
at com.restcountry.test.RestCountry.getByCodeNegative(RestCountry.java:70)
at java.util.ArrayList.forEach(ArrayList.java:1259)
... Removed 28 stack frames]]>
    </failure>
  </testcase> <!-- getByCodeNegative -->
  <testcase name="getByname" time="0.0" classname="com.restcountry.test.RestCountry">
    <ignored/>
  </testcase> <!-- getByname -->
  <testcase name="getByCode" time="0.0" classname="com.restcountry.test.RestCountry">
    <ignored/>
  </testcase> <!-- getByCode -->
</testsuite> <!-- RegressionTest -->
